2026-04-22 22:12:51 | INFO     | src.main:convert:286 | RBC-TESTER Document Conversion Pipeline
2026-04-22 22:12:51 | INFO     | src.main:convert:287 | Input: C:\Users\TKJSR\Desktop\RBC-TESTER\RBC-TESTESR\input
2026-04-22 22:12:51 | INFO     | src.main:convert:288 | Output: C:\Users\TKJSR\Desktop\RBC-TESTER\RBC-TESTESR\output
2026-04-22 22:12:52 | INFO     | src.utils:write_summary:383 | Wrote summary to C:\Users\TKJSR\Desktop\RBC-TESTER\RBC-TESTESR\summary.json
2026-04-22 22:12:52 | INFO     | src.utils:_load:256 | Loaded state: 1 completed, 0 failed
2026-04-22 22:29:57 | INFO     | src.main:convert:286 | RBC-TESTER Document Conversion Pipeline
2026-04-22 22:29:57 | INFO     | src.main:convert:287 | Input: C:\Users\TKJSR\Desktop\RBC-TESTER\RBC-TESTESR\input
2026-04-22 22:29:57 | INFO     | src.main:convert:288 | Output: C:\Users\TKJSR\Desktop\RBC-TESTER\RBC-TESTESR\output
2026-04-22 22:29:57 | INFO     | src.utils:_load:256 | Loaded state: 1 completed, 0 failed
2026-04-22 22:29:57 | INFO     | src.utils:_load:256 | Loaded state: 1 completed, 0 failed
2026-04-22 22:29:57 | INFO     | src.cache_manager:_initialize_database:124 | Cache database initialized: C:\Users\TKJSR\Desktop\RBC-TESTER\RBC-TESTESR\cache\knowledge_cache.db
2026-04-22 22:29:57 | INFO     | src.embedding_engine:initialize:75 | Loading sentence-transformers model: all-MiniLM-L6-v2
2026-04-22 22:30:04 | INFO     | src.embedding_engine:initialize:85 | Embedding engine initialized successfully
2026-04-22 22:30:04 | INFO     | src.converter:__init__:92 | Knowledge system initialized
2026-04-22 22:30:04 | WARNING  | src.monitor:should_pause:96 | Memory usage 86.2% exceeds threshold 80%
2026-04-22 22:30:04 | WARNING  | src.monitor:should_pause:96 | Memory usage 86.1% exceeds threshold 80%
2026-04-22 22:30:04 | INFO     | src.monitor:wait_for_resources:124 | Waiting for resources to free up...
2026-04-22 22:30:06 | WARNING  | src.monitor:should_pause:96 | Memory usage 85.6% exceeds threshold 80%
2026-04-22 22:30:07 | INFO     | src.monitor:wait_for_resources:124 | Waiting for resources to free up...
2026-04-22 22:30:09 | WARNING  | src.monitor:should_pause:96 | Memory usage 87.0% exceeds threshold 80%
2026-04-22 22:30:09 | INFO     | src.monitor:wait_for_resources:124 | Waiting for resources to free up...
2026-04-22 22:30:11 | WARNING  | src.monitor:should_pause:96 | Memory usage 86.9% exceeds threshold 80%
2026-04-22 22:30:11 | INFO     | src.monitor:wait_for_resources:124 | Waiting for resources to free up...
2026-04-22 22:30:13 | WARNING  | src.monitor:should_pause:96 | Memory usage 86.7% exceeds threshold 80%
2026-04-22 22:30:13 | INFO     | src.monitor:wait_for_resources:124 | Waiting for resources to free up...
2026-04-22 22:30:15 | WARNING  | src.monitor:should_pause:96 | Memory usage 86.8% exceeds threshold 80%
2026-04-22 22:30:15 | INFO     | src.monitor:wait_for_resources:124 | Waiting for resources to free up...
2026-04-22 22:30:17 | WARNING  | src.monitor:should_pause:96 | Memory usage 86.0% exceeds threshold 80%
2026-04-22 22:30:17 | INFO     | src.monitor:wait_for_resources:124 | Waiting for resources to free up...
2026-04-22 22:30:19 | WARNING  | src.monitor:should_pause:96 | Memory usage 86.0% exceeds threshold 80%
2026-04-22 22:30:19 | INFO     | src.monitor:wait_for_resources:124 | Waiting for resources to free up...
2026-04-22 22:30:21 | WARNING  | src.monitor:should_pause:96 | Memory usage 85.9% exceeds threshold 80%
2026-04-22 22:30:21 | INFO     | src.monitor:wait_for_resources:124 | Waiting for resources to free up...
2026-04-22 22:30:24 | WARNING  | src.monitor:should_pause:96 | Memory usage 85.9% exceeds threshold 80%
2026-04-22 22:30:24 | INFO     | src.monitor:wait_for_resources:124 | Waiting for resources to free up...
2026-04-22 22:30:26 | WARNING  | src.monitor:should_pause:96 | Memory usage 85.9% exceeds threshold 80%
2026-04-22 22:30:26 | INFO     | src.monitor:wait_for_resources:124 | Waiting for resources to free up...
2026-04-22 22:30:28 | WARNING  | src.monitor:should_pause:96 | Memory usage 86.0% exceeds threshold 80%
2026-04-22 22:30:28 | INFO     | src.monitor:wait_for_resources:124 | Waiting for resources to free up...
2026-04-22 22:30:30 | WARNING  | src.monitor:should_pause:96 | Memory usage 86.0% exceeds threshold 80%
2026-04-22 22:30:30 | INFO     | src.monitor:wait_for_resources:124 | Waiting for resources to free up...
2026-04-22 22:30:32 | WARNING  | src.monitor:should_pause:96 | Memory usage 86.0% exceeds threshold 80%
2026-04-22 22:30:32 | INFO     | src.monitor:wait_for_resources:124 | Waiting for resources to free up...
2026-04-22 22:30:34 | WARNING  | src.monitor:should_pause:96 | Memory usage 85.9% exceeds threshold 80%
2026-04-22 22:30:34 | INFO     | src.monitor:wait_for_resources:124 | Waiting for resources to free up...
2026-04-22 22:30:36 | WARNING  | src.monitor:should_pause:96 | Memory usage 85.8% exceeds threshold 80%
2026-04-22 22:30:36 | INFO     | src.monitor:wait_for_resources:124 | Waiting for resources to free up...
2026-04-22 22:30:38 | WARNING  | src.monitor:should_pause:96 | Memory usage 85.2% exceeds threshold 80%
2026-04-22 22:30:38 | INFO     | src.monitor:wait_for_resources:124 | Waiting for resources to free up...
2026-04-22 22:30:41 | WARNING  | src.monitor:should_pause:96 | Memory usage 85.2% exceeds threshold 80%
2026-04-22 22:30:41 | INFO     | src.monitor:wait_for_resources:124 | Waiting for resources to free up...
2026-04-22 22:30:43 | WARNING  | src.monitor:should_pause:96 | Memory usage 85.4% exceeds threshold 80%
2026-04-22 22:30:43 | INFO     | src.monitor:wait_for_resources:124 | Waiting for resources to free up...
2026-04-22 22:30:45 | WARNING  | src.monitor:should_pause:96 | Memory usage 85.4% exceeds threshold 80%
2026-04-22 22:30:45 | INFO     | src.monitor:wait_for_resources:124 | Waiting for resources to free up...
2026-04-22 22:30:47 | WARNING  | src.monitor:should_pause:96 | Memory usage 85.5% exceeds threshold 80%
2026-04-22 22:30:47 | INFO     | src.monitor:wait_for_resources:124 | Waiting for resources to free up...
2026-04-22 22:30:49 | WARNING  | src.monitor:should_pause:96 | Memory usage 85.3% exceeds threshold 80%
2026-04-22 22:30:49 | INFO     | src.monitor:wait_for_resources:124 | Waiting for resources to free up...
2026-04-22 22:30:51 | WARNING  | src.monitor:should_pause:96 | Memory usage 85.5% exceeds threshold 80%
2026-04-22 22:30:51 | INFO     | src.monitor:wait_for_resources:124 | Waiting for resources to free up...
2026-04-22 22:30:53 | WARNING  | src.monitor:should_pause:96 | Memory usage 85.5% exceeds threshold 80%
2026-04-22 22:30:53 | INFO     | src.monitor:wait_for_resources:124 | Waiting for resources to free up...
2026-04-22 22:30:55 | WARNING  | src.monitor:should_pause:96 | Memory usage 85.5% exceeds threshold 80%
2026-04-22 22:30:55 | INFO     | src.monitor:wait_for_resources:124 | Waiting for resources to free up...
2026-04-22 22:30:58 | WARNING  | src.monitor:should_pause:96 | Memory usage 85.6% exceeds threshold 80%
2026-04-22 22:30:58 | INFO     | src.monitor:wait_for_resources:124 | Waiting for resources to free up...
2026-04-22 22:31:00 | WARNING  | src.monitor:should_pause:96 | Memory usage 84.5% exceeds threshold 80%
2026-04-22 22:31:00 | INFO     | src.monitor:wait_for_resources:124 | Waiting for resources to free up...
2026-04-22 22:31:02 | WARNING  | src.monitor:should_pause:96 | Memory usage 84.4% exceeds threshold 80%
2026-04-22 22:31:02 | INFO     | src.monitor:wait_for_resources:124 | Waiting for resources to free up...
2026-04-22 22:31:04 | WARNING  | src.monitor:should_pause:96 | Memory usage 84.5% exceeds threshold 80%
2026-04-22 22:31:04 | INFO     | src.monitor:wait_for_resources:124 | Waiting for resources to free up...
2026-04-22 22:31:06 | WARNING  | src.monitor:should_pause:96 | Memory usage 84.7% exceeds threshold 80%
2026-04-22 22:31:06 | ERROR    | src.monitor:wait_for_resources:121 | Timeout waiting for resources
2026-04-22 22:31:06 | INFO     | src.backlink_engine:generate_backlinks_for_file:100 | Generated 0 backlinks for C:\Users\TKJSR\Desktop\RBC-TESTER\RBC-TESTESR\input\trust_issues.md
2026-04-22 22:31:06 | INFO     | src.timeline_builder:_save_timeline:73 | Timeline saved to C:\Users\TKJSR\Desktop\RBC-TESTER\RBC-TESTESR\knowledge\timeline\timeline.json
2026-04-22 22:31:06 | INFO     | src.timeline_builder:build_timeline:55 | Timeline built with 0 date entries
2026-04-22 22:31:06 | INFO     | src.converter:_apply_knowledge_system:274 | Knowledge system processing complete for C:\Users\TKJSR\Desktop\RBC-TESTER\RBC-TESTESR\input\trust_issues.md
2026-04-22 22:31:06 | INFO     | src.utils:write_summary:383 | Wrote summary to C:\Users\TKJSR\Desktop\RBC-TESTER\RBC-TESTESR\summary.json
2026-04-22 22:31:06 | INFO     | src.utils:_load:256 | Loaded state: 2 completed, 0 failed
2026-04-22 22:32:17 | INFO     | src.main:convert:286 | RBC-TESTER Document Conversion Pipeline
2026-04-22 22:32:17 | INFO     | src.main:convert:287 | Input: C:\Users\TKJSR\Desktop\RBC-TESTER\RBC-TESTESR\input
2026-04-22 22:32:17 | INFO     | src.main:convert:288 | Output: C:\Users\TKJSR\Desktop\RBC-TESTER\RBC-TESTESR\output
2026-04-22 22:32:17 | INFO     | src.utils:_load:256 | Loaded state: 0 completed, 0 failed
2026-04-22 22:32:17 | INFO     | src.utils:_load:256 | Loaded state: 0 completed, 0 failed
2026-04-22 22:32:17 | INFO     | src.cache_manager:_initialize_database:124 | Cache database initialized: C:\Users\TKJSR\Desktop\RBC-TESTER\RBC-TESTESR\cache\knowledge_cache.db
2026-04-22 22:32:17 | INFO     | src.embedding_engine:initialize:75 | Loading sentence-transformers model: all-MiniLM-L6-v2
2026-04-22 22:32:27 | INFO     | src.embedding_engine:_load_embeddings_from_cache:98 | Loading 2 existing embeddings from cache
2026-04-22 22:32:27 | INFO     | src.embedding_engine:_load_embeddings_from_cache:108 | FAISS index loaded with 2 embeddings
2026-04-22 22:32:27 | INFO     | src.embedding_engine:initialize:85 | Embedding engine initialized successfully
2026-04-22 22:32:27 | INFO     | src.converter:__init__:92 | Knowledge system initialized
2026-04-22 22:32:27 | WARNING  | src.monitor:should_pause:96 | Memory usage 84.4% exceeds threshold 80%
2026-04-22 22:32:27 | WARNING  | src.monitor:should_pause:96 | Memory usage 84.4% exceeds threshold 80%
2026-04-22 22:32:27 | INFO     | src.monitor:wait_for_resources:124 | Waiting for resources to free up...
2026-04-22 22:32:30 | WARNING  | src.monitor:should_pause:96 | Memory usage 84.4% exceeds threshold 80%
2026-04-22 22:32:30 | INFO     | src.monitor:wait_for_resources:124 | Waiting for resources to free up...
2026-04-22 22:32:32 | WARNING  | src.monitor:should_pause:96 | Memory usage 84.4% exceeds threshold 80%
2026-04-22 22:32:32 | INFO     | src.monitor:wait_for_resources:124 | Waiting for resources to free up...
2026-04-22 22:32:34 | WARNING  | src.monitor:should_pause:96 | Memory usage 84.4% exceeds threshold 80%
2026-04-22 22:32:34 | INFO     | src.monitor:wait_for_resources:124 | Waiting for resources to free up...
2026-04-22 22:32:36 | WARNING  | src.monitor:should_pause:96 | Memory usage 84.1% exceeds threshold 80%
2026-04-22 22:32:36 | INFO     | src.monitor:wait_for_resources:124 | Waiting for resources to free up...
2026-04-22 22:32:38 | WARNING  | src.monitor:should_pause:96 | Memory usage 84.2% exceeds threshold 80%
2026-04-22 22:32:38 | INFO     | src.monitor:wait_for_resources:124 | Waiting for resources to free up...
2026-04-22 22:32:40 | WARNING  | src.monitor:should_pause:96 | Memory usage 84.0% exceeds threshold 80%
2026-04-22 22:32:40 | INFO     | src.monitor:wait_for_resources:124 | Waiting for resources to free up...
2026-04-22 22:32:42 | WARNING  | src.monitor:should_pause:96 | Memory usage 84.0% exceeds threshold 80%
2026-04-22 22:32:42 | INFO     | src.monitor:wait_for_resources:124 | Waiting for resources to free up...
2026-04-22 22:32:44 | WARNING  | src.monitor:should_pause:96 | Memory usage 84.2% exceeds threshold 80%
2026-04-22 22:32:44 | INFO     | src.monitor:wait_for_resources:124 | Waiting for resources to free up...
2026-04-22 22:32:47 | WARNING  | src.monitor:should_pause:96 | Memory usage 82.7% exceeds threshold 80%
2026-04-22 22:32:47 | INFO     | src.monitor:wait_for_resources:124 | Waiting for resources to free up...
2026-04-22 22:32:49 | WARNING  | src.monitor:should_pause:96 | Memory usage 82.6% exceeds threshold 80%
2026-04-22 22:32:49 | INFO     | src.monitor:wait_for_resources:124 | Waiting for resources to free up...
2026-04-22 22:32:51 | WARNING  | src.monitor:should_pause:96 | Memory usage 82.4% exceeds threshold 80%
2026-04-22 22:32:51 | INFO     | src.monitor:wait_for_resources:124 | Waiting for resources to free up...
2026-04-22 22:32:53 | WARNING  | src.monitor:should_pause:96 | Memory usage 82.8% exceeds threshold 80%
2026-04-22 22:32:53 | INFO     | src.monitor:wait_for_resources:124 | Waiting for resources to free up...
2026-04-22 22:32:55 | WARNING  | src.monitor:should_pause:96 | Memory usage 82.7% exceeds threshold 80%
2026-04-22 22:32:55 | INFO     | src.monitor:wait_for_resources:124 | Waiting for resources to free up...
2026-04-22 22:32:57 | WARNING  | src.monitor:should_pause:96 | Memory usage 82.6% exceeds threshold 80%
2026-04-22 22:32:57 | INFO     | src.monitor:wait_for_resources:124 | Waiting for resources to free up...
2026-04-22 22:32:59 | WARNING  | src.monitor:should_pause:96 | Memory usage 82.6% exceeds threshold 80%
2026-04-22 22:32:59 | INFO     | src.monitor:wait_for_resources:124 | Waiting for resources to free up...
2026-04-22 22:33:01 | WARNING  | src.monitor:should_pause:96 | Memory usage 82.5% exceeds threshold 80%
2026-04-22 22:33:01 | INFO     | src.monitor:wait_for_resources:124 | Waiting for resources to free up...
2026-04-22 22:33:04 | WARNING  | src.monitor:should_pause:96 | Memory usage 82.4% exceeds threshold 80%
2026-04-22 22:33:04 | INFO     | src.monitor:wait_for_resources:124 | Waiting for resources to free up...
2026-04-22 22:33:06 | WARNING  | src.monitor:should_pause:96 | Memory usage 82.2% exceeds threshold 80%
2026-04-22 22:33:06 | INFO     | src.monitor:wait_for_resources:124 | Waiting for resources to free up...
2026-04-22 22:33:08 | WARNING  | src.monitor:should_pause:96 | Memory usage 82.1% exceeds threshold 80%
2026-04-22 22:33:08 | INFO     | src.monitor:wait_for_resources:124 | Waiting for resources to free up...
2026-04-22 22:33:10 | WARNING  | src.monitor:should_pause:96 | Memory usage 82.0% exceeds threshold 80%
2026-04-22 22:33:10 | INFO     | src.monitor:wait_for_resources:124 | Waiting for resources to free up...
2026-04-22 22:33:12 | WARNING  | src.monitor:should_pause:96 | Memory usage 81.7% exceeds threshold 80%
2026-04-22 22:33:12 | INFO     | src.monitor:wait_for_resources:124 | Waiting for resources to free up...
2026-04-22 22:33:14 | WARNING  | src.monitor:should_pause:96 | Memory usage 81.5% exceeds threshold 80%
2026-04-22 22:33:14 | INFO     | src.monitor:wait_for_resources:124 | Waiting for resources to free up...
2026-04-22 22:33:16 | WARNING  | src.monitor:should_pause:96 | Memory usage 81.5% exceeds threshold 80%
2026-04-22 22:33:16 | INFO     | src.monitor:wait_for_resources:124 | Waiting for resources to free up...
2026-04-22 22:33:18 | WARNING  | src.monitor:should_pause:96 | Memory usage 81.6% exceeds threshold 80%
2026-04-22 22:33:18 | INFO     | src.monitor:wait_for_resources:124 | Waiting for resources to free up...
2026-04-22 22:33:21 | WARNING  | src.monitor:should_pause:96 | Memory usage 81.7% exceeds threshold 80%
2026-04-22 22:33:21 | INFO     | src.monitor:wait_for_resources:124 | Waiting for resources to free up...
2026-04-22 22:33:23 | WARNING  | src.monitor:should_pause:96 | Memory usage 81.7% exceeds threshold 80%
2026-04-22 22:33:23 | INFO     | src.monitor:wait_for_resources:124 | Waiting for resources to free up...
2026-04-22 22:33:25 | WARNING  | src.monitor:should_pause:96 | Memory usage 80.8% exceeds threshold 80%
2026-04-22 22:33:25 | INFO     | src.monitor:wait_for_resources:124 | Waiting for resources to free up...
2026-04-22 22:33:27 | WARNING  | src.monitor:should_pause:96 | Memory usage 80.8% exceeds threshold 80%
2026-04-22 22:33:27 | INFO     | src.monitor:wait_for_resources:124 | Waiting for resources to free up...
2026-04-22 22:33:29 | WARNING  | src.monitor:should_pause:96 | Memory usage 80.8% exceeds threshold 80%
2026-04-22 22:33:29 | ERROR    | src.monitor:wait_for_resources:121 | Timeout waiting for resources
2026-04-22 22:33:29 | INFO     | src.backlink_engine:generate_backlinks_for_file:100 | Generated 0 backlinks for C:\Users\TKJSR\Desktop\RBC-TESTER\RBC-TESTESR\input\test_document.txt
2026-04-22 22:33:29 | INFO     | src.timeline_builder:_save_timeline:73 | Timeline saved to C:\Users\TKJSR\Desktop\RBC-TESTER\RBC-TESTESR\knowledge\timeline\timeline.json
2026-04-22 22:33:29 | INFO     | src.timeline_builder:build_timeline:55 | Timeline built with 0 date entries
2026-04-22 22:33:29 | INFO     | src.converter:_apply_knowledge_system:274 | Knowledge system processing complete for C:\Users\TKJSR\Desktop\RBC-TESTER\RBC-TESTESR\input\test_document.txt
2026-04-22 22:33:30 | INFO     | src.backlink_engine:generate_backlinks_for_file:100 | Generated 0 backlinks for C:\Users\TKJSR\Desktop\RBC-TESTER\RBC-TESTESR\input\trust_issues.md
2026-04-22 22:33:30 | INFO     | src.timeline_builder:_save_timeline:73 | Timeline saved to C:\Users\TKJSR\Desktop\RBC-TESTER\RBC-TESTESR\knowledge\timeline\timeline.json
2026-04-22 22:33:30 | INFO     | src.timeline_builder:build_timeline:55 | Timeline built with 0 date entries
2026-04-22 22:33:30 | INFO     | src.converter:_apply_knowledge_system:274 | Knowledge system processing complete for C:\Users\TKJSR\Desktop\RBC-TESTER\RBC-TESTESR\input\trust_issues.md
2026-04-22 22:33:30 | INFO     | src.utils:write_summary:383 | Wrote summary to C:\Users\TKJSR\Desktop\RBC-TESTER\RBC-TESTESR\summary.json
2026-04-22 22:33:30 | INFO     | src.utils:_load:256 | Loaded state: 2 completed, 0 failed
